2022-09-15 15:58:13,568 [Worker-6: Loading available Gradle versions] INFO  o.e.b.c.i.u.g.PublishedGradleVersions - Gradle version information cache is up-to-date. Trying to read.
2022-09-15 21:43:11,619 [main] ERROR o.e.j.i.storage.file.FileRepository - Cannot read file C:\Users\Doanu_uw1wuko\.gitconfig
org.eclipse.jgit.errors.ConfigInvalidException: Cannot read file C:\Users\Doanu_uw1wuko\.gitconfig
	at org.eclipse.jgit.storage.file.FileBasedConfig.load(FileBasedConfig.java:151) ~[na:na]
	at org.eclipse.jgit.util.SystemReader.updateAll(SystemReader.java:395) ~[na:na]
	at org.eclipse.jgit.util.SystemReader.getUserConfig(SystemReader.java:321) ~[na:na]
	at org.eclipse.egit.core.internal.EclipseSystemReader.getUserConfig(EclipseSystemReader.java:106) ~[na:na]
	at org.eclipse.jgit.internal.storage.file.FileRepository.<init>(FileRepository.java:161) ~[na:na]
	at org.eclipse.jgit.lib.BaseRepositoryBuilder.build(BaseRepositoryBuilder.java:625) ~[na:na]
	at org.eclipse.jgit.api.InitCommand.call(InitCommand.java:101) ~[na:na]
	at org.eclipse.egit.ui.internal.repository.NewRepositoryWizard.performFinish(NewRepositoryWizard.java:90) ~[na:na]
	at org.eclipse.jface.wizard.WizardDialog.finishPressed(WizardDialog.java:832) ~[org.eclipse.jface_3.26.0.v20220513-0449.jar:na]
	at org.eclipse.jface.wizard.WizardDialog.buttonPressed(WizardDialog.java:472) ~[org.eclipse.jface_3.26.0.v20220513-0449.jar:na]
	at org.eclipse.jface.dialogs.Dialog.lambda$0(Dialog.java:619) ~[org.eclipse.jface_3.26.0.v20220513-0449.jar:na]
	at org.eclipse.swt.events.SelectionListener$1.widgetSelected(SelectionListener.java:84) ~[org.eclipse.swt.win32.win32.x86_64_3.120.0.v20220530-1036.jar:na]
	at org.eclipse.swt.widgets.TypedListener.handleEvent(TypedListener.java:252) ~[org.eclipse.swt.win32.win32.x86_64_3.120.0.v20220530-1036.jar:na]
	at org.eclipse.swt.widgets.EventTable.sendEvent(EventTable.java:89) ~[org.eclipse.swt.win32.win32.x86_64_3.120.0.v20220530-1036.jar:na]
	at org.eclipse.swt.widgets.Display.sendEvent(Display.java:4251) ~[org.eclipse.swt.win32.win32.x86_64_3.120.0.v20220530-1036.jar:na]
	at org.eclipse.swt.widgets.Widget.sendEvent(Widget.java:1066) ~[org.eclipse.swt.win32.win32.x86_64_3.120.0.v20220530-1036.jar:na]
	at org.eclipse.swt.widgets.Display.runDeferredEvents(Display.java:4068) ~[org.eclipse.swt.win32.win32.x86_64_3.120.0.v20220530-1036.jar:na]
	at org.eclipse.swt.widgets.Display.readAndDispatch(Display.java:3645) ~[org.eclipse.swt.win32.win32.x86_64_3.120.0.v20220530-1036.jar:na]
	at org.eclipse.jface.window.Window.runEventLoop(Window.java:823) ~[org.eclipse.jface_3.26.0.v20220513-0449.jar:na]
	at org.eclipse.jface.window.Window.open(Window.java:799) ~[org.eclipse.jface_3.26.0.v20220513-0449.jar:na]
	at org.eclipse.egit.ui.internal.sharing.ExistingOrNewPage$3.widgetSelected(ExistingOrNewPage.java:188) ~[na:na]
	at org.eclipse.swt.widgets.TypedListener.handleEvent(TypedListener.java:252) ~[org.eclipse.swt.win32.win32.x86_64_3.120.0.v20220530-1036.jar:na]
	at org.eclipse.swt.widgets.EventTable.sendEvent(EventTable.java:89) ~[org.eclipse.swt.win32.win32.x86_64_3.120.0.v20220530-1036.jar:na]
	at org.eclipse.swt.widgets.Display.sendEvent(Display.java:4251) ~[org.eclipse.swt.win32.win32.x86_64_3.120.0.v20220530-1036.jar:na]
	at org.eclipse.swt.widgets.Widget.sendEvent(Widget.java:1066) ~[org.eclipse.swt.win32.win32.x86_64_3.120.0.v20220530-1036.jar:na]
	at org.eclipse.swt.widgets.Display.runDeferredEvents(Display.java:4068) ~[org.eclipse.swt.win32.win32.x86_64_3.120.0.v20220530-1036.jar:na]
	at org.eclipse.swt.widgets.Display.readAndDispatch(Display.java:3645) ~[org.eclipse.swt.win32.win32.x86_64_3.120.0.v20220530-1036.jar:na]
	at org.eclipse.jface.window.Window.runEventLoop(Window.java:823) ~[org.eclipse.jface_3.26.0.v20220513-0449.jar:na]
	at org.eclipse.jface.window.Window.open(Window.java:799) ~[org.eclipse.jface_3.26.0.v20220513-0449.jar:na]
	at org.eclipse.team.internal.ui.wizards.ConfigureProjectWizard.openWizard(ConfigureProjectWizard.java:229) ~[na:na]
	at org.eclipse.team.internal.ui.wizards.ConfigureProjectWizard.shareProjects(ConfigureProjectWizard.java:130) ~[na:na]
	at org.eclipse.team.internal.ui.actions.ConfigureProjectAction.lambda$0(ConfigureProjectAction.java:40) ~[na:na]
	at org.eclipse.team.internal.ui.actions.TeamAction.lambda$1(TeamAction.java:306) ~[na:na]
	at org.eclipse.swt.custom.BusyIndicator.showWhile(BusyIndicator.java:74) ~[org.eclipse.swt.win32.win32.x86_64_3.120.0.v20220530-1036.jar:na]
	at org.eclipse.team.internal.ui.actions.TeamAction.run(TeamAction.java:304) ~[na:na]
	at org.eclipse.team.internal.ui.actions.ConfigureProjectAction.execute(ConfigureProjectAction.java:35) ~[na:na]
	at org.eclipse.team.internal.ui.actions.TeamAction.run(TeamAction.java:567) ~[na:na]
	at org.eclipse.team.internal.ui.actions.TeamAction.runWithEvent(TeamAction.java:603) ~[na:na]
	at org.eclipse.ui.internal.PluginAction.runWithEvent(PluginAction.java:229) ~[na:na]
	at org.eclipse.jface.action.ActionContributionItem.handleWidgetSelection(ActionContributionItem.java:580) ~[org.eclipse.jface_3.26.0.v20220513-0449.jar:na]
	at org.eclipse.jface.action.ActionContributionItem.lambda$4(ActionContributionItem.java:414) ~[org.eclipse.jface_3.26.0.v20220513-0449.jar:na]
	at org.eclipse.swt.widgets.EventTable.sendEvent(EventTable.java:89) ~[org.eclipse.swt.win32.win32.x86_64_3.120.0.v20220530-1036.jar:na]
	at org.eclipse.swt.widgets.Display.sendEvent(Display.java:4251) ~[org.eclipse.swt.win32.win32.x86_64_3.120.0.v20220530-1036.jar:na]
	at org.eclipse.swt.widgets.Widget.sendEvent(Widget.java:1066) ~[org.eclipse.swt.win32.win32.x86_64_3.120.0.v20220530-1036.jar:na]
	at org.eclipse.swt.widgets.Display.runDeferredEvents(Display.java:4068) ~[org.eclipse.swt.win32.win32.x86_64_3.120.0.v20220530-1036.jar:na]
	at org.eclipse.swt.widgets.Display.readAndDispatch(Display.java:3645) ~[org.eclipse.swt.win32.win32.x86_64_3.120.0.v20220530-1036.jar:na]
	at org.eclipse.e4.ui.internal.workbench.swt.PartRenderingEngine$5.run(PartRenderingEngine.java:1155) ~[na:na]
	at org.eclipse.core.databinding.observable.Realm.runWithDefault(Realm.java:338) ~[na:na]
	at org.eclipse.e4.ui.internal.workbench.swt.PartRenderingEngine.run(PartRenderingEngine.java:1046) ~[na:na]
	at org.eclipse.e4.ui.internal.workbench.E4Workbench.createAndRunUI(E4Workbench.java:155) ~[na:na]
	at org.eclipse.ui.internal.Workbench.lambda$3(Workbench.java:644) ~[na:na]
	at org.eclipse.core.databinding.observable.Realm.runWithDefault(Realm.java:338) ~[na:na]
	at org.eclipse.ui.internal.Workbench.createAndRunWorkbench(Workbench.java:551) ~[na:na]
	at org.eclipse.ui.PlatformUI.createAndRunWorkbench(PlatformUI.java:156) ~[na:na]
	at org.eclipse.ui.internal.ide.application.IDEApplication.start(IDEApplication.java:152) ~[na:na]
	at org.eclipse.equinox.internal.app.EclipseAppHandle.run(EclipseAppHandle.java:203) ~[org.eclipse.equinox.app_1.6.100.v20211021-1418.jar:na]
	at org.eclipse.core.runtime.internal.adaptor.EclipseAppLauncher.runApplication(EclipseAppLauncher.java:136) ~[org.eclipse.osgi_3.18.0.v20220516-2155.jar:na]
	at org.eclipse.core.runtime.internal.adaptor.EclipseAppLauncher.start(EclipseAppLauncher.java:104) ~[org.eclipse.osgi_3.18.0.v20220516-2155.jar:na]
	at org.eclipse.core.runtime.adaptor.EclipseStarter.run(EclipseStarter.java:402) ~[org.eclipse.osgi_3.18.0.v20220516-2155.jar:na]
	at org.eclipse.core.runtime.adaptor.EclipseStarter.run(EclipseStarter.java:255) ~[org.eclipse.osgi_3.18.0.v20220516-2155.jar:na]
	at java.base/jdk.internal.reflect.NativeMethodAccessorImpl.invoke0(Native Method) ~[na:na]
	at java.base/jdk.internal.reflect.NativeMethodAccessorImpl.invoke(NativeMethodAccessorImpl.java:77) ~[na:na]
	at java.base/jdk.internal.reflect.DelegatingMethodAccessorImpl.invoke(DelegatingMethodAccessorImpl.java:43) ~[na:na]
	at java.base/java.lang.reflect.Method.invoke(Method.java:568) ~[na:na]
	at org.eclipse.equinox.launcher.Main.invokeFramework(Main.java:659) ~[org.eclipse.equinox.launcher_1.6.400.v20210924-0641.jar:na]
	at org.eclipse.equinox.launcher.Main.basicRun(Main.java:596) ~[org.eclipse.equinox.launcher_1.6.400.v20210924-0641.jar:na]
	at org.eclipse.equinox.launcher.Main.run(Main.java:1467) ~[org.eclipse.equinox.launcher_1.6.400.v20210924-0641.jar:na]
Caused by: org.eclipse.jgit.errors.ConfigInvalidException: Invalid line in config file
	at org.eclipse.jgit.lib.Config.fromTextRecurse(Config.java:1206) ~[na:na]
	at org.eclipse.jgit.lib.Config.fromText(Config.java:1134) ~[na:na]
	at org.eclipse.jgit.storage.file.FileBasedConfig.lambda$0(FileBasedConfig.java:138) ~[na:na]
	at org.eclipse.jgit.util.FileUtils.readWithRetries(FileUtils.java:722) ~[na:na]
	at org.eclipse.jgit.storage.file.FileBasedConfig.load(FileBasedConfig.java:115) ~[na:na]
	... 66 common frames omitted
2022-09-15 21:44:01,838 [main] ERROR o.e.j.i.storage.file.FileRepository - Cannot read file C:\Users\Doanu_uw1wuko\.gitconfig
org.eclipse.jgit.errors.ConfigInvalidException: Cannot read file C:\Users\Doanu_uw1wuko\.gitconfig
	at org.eclipse.jgit.storage.file.FileBasedConfig.load(FileBasedConfig.java:151) ~[na:na]
	at org.eclipse.jgit.util.SystemReader.updateAll(SystemReader.java:395) ~[na:na]
	at org.eclipse.jgit.util.SystemReader.getUserConfig(SystemReader.java:321) ~[na:na]
	at org.eclipse.egit.core.internal.EclipseSystemReader.getUserConfig(EclipseSystemReader.java:106) ~[na:na]
	at org.eclipse.jgit.internal.storage.file.FileRepository.<init>(FileRepository.java:161) ~[na:na]
	at org.eclipse.jgit.lib.BaseRepositoryBuilder.build(BaseRepositoryBuilder.java:625) ~[na:na]
	at org.eclipse.jgit.api.InitCommand.call(InitCommand.java:101) ~[na:na]
	at org.eclipse.egit.ui.internal.repository.NewRepositoryWizard.performFinish(NewRepositoryWizard.java:90) ~[na:na]
	at org.eclipse.jface.wizard.WizardDialog.finishPressed(WizardDialog.java:832) ~[org.eclipse.jface_3.26.0.v20220513-0449.jar:na]
	at org.eclipse.jface.wizard.WizardDialog.buttonPressed(WizardDialog.java:472) ~[org.eclipse.jface_3.26.0.v20220513-0449.jar:na]
	at org.eclipse.jface.dialogs.Dialog.lambda$0(Dialog.java:619) ~[org.eclipse.jface_3.26.0.v20220513-0449.jar:na]
	at org.eclipse.swt.events.SelectionListener$1.widgetSelected(SelectionListener.java:84) ~[org.eclipse.swt.win32.win32.x86_64_3.120.0.v20220530-1036.jar:na]
	at org.eclipse.swt.widgets.TypedListener.handleEvent(TypedListener.java:252) ~[org.eclipse.swt.win32.win32.x86_64_3.120.0.v20220530-1036.jar:na]
	at org.eclipse.swt.widgets.EventTable.sendEvent(EventTable.java:89) ~[org.eclipse.swt.win32.win32.x86_64_3.120.0.v20220530-1036.jar:na]
	at org.eclipse.swt.widgets.Display.sendEvent(Display.java:4251) ~[org.eclipse.swt.win32.win32.x86_64_3.120.0.v20220530-1036.jar:na]
	at org.eclipse.swt.widgets.Widget.sendEvent(Widget.java:1066) ~[org.eclipse.swt.win32.win32.x86_64_3.120.0.v20220530-1036.jar:na]
	at org.eclipse.swt.widgets.Display.runDeferredEvents(Display.java:4068) ~[org.eclipse.swt.win32.win32.x86_64_3.120.0.v20220530-1036.jar:na]
	at org.eclipse.swt.widgets.Display.readAndDispatch(Display.java:3645) ~[org.eclipse.swt.win32.win32.x86_64_3.120.0.v20220530-1036.jar:na]
	at org.eclipse.jface.window.Window.runEventLoop(Window.java:823) ~[org.eclipse.jface_3.26.0.v20220513-0449.jar:na]
	at org.eclipse.jface.window.Window.open(Window.java:799) ~[org.eclipse.jface_3.26.0.v20220513-0449.jar:na]
	at org.eclipse.egit.ui.internal.sharing.ExistingOrNewPage$3.widgetSelected(ExistingOrNewPage.java:188) ~[na:na]
	at org.eclipse.swt.widgets.TypedListener.handleEvent(TypedListener.java:252) ~[org.eclipse.swt.win32.win32.x86_64_3.120.0.v20220530-1036.jar:na]
	at org.eclipse.swt.widgets.EventTable.sendEvent(EventTable.java:89) ~[org.eclipse.swt.win32.win32.x86_64_3.120.0.v20220530-1036.jar:na]
	at org.eclipse.swt.widgets.Display.sendEvent(Display.java:4251) ~[org.eclipse.swt.win32.win32.x86_64_3.120.0.v20220530-1036.jar:na]
	at org.eclipse.swt.widgets.Widget.sendEvent(Widget.java:1066) ~[org.eclipse.swt.win32.win32.x86_64_3.120.0.v20220530-1036.jar:na]
	at org.eclipse.swt.widgets.Display.runDeferredEvents(Display.java:4068) ~[org.eclipse.swt.win32.win32.x86_64_3.120.0.v20220530-1036.jar:na]
	at org.eclipse.swt.widgets.Display.readAndDispatch(Display.java:3645) ~[org.eclipse.swt.win32.win32.x86_64_3.120.0.v20220530-1036.jar:na]
	at org.eclipse.jface.window.Window.runEventLoop(Window.java:823) ~[org.eclipse.jface_3.26.0.v20220513-0449.jar:na]
	at org.eclipse.jface.window.Window.open(Window.java:799) ~[org.eclipse.jface_3.26.0.v20220513-0449.jar:na]
	at org.eclipse.team.internal.ui.wizards.ConfigureProjectWizard.openWizard(ConfigureProjectWizard.java:229) ~[na:na]
	at org.eclipse.team.internal.ui.wizards.ConfigureProjectWizard.shareProjects(ConfigureProjectWizard.java:130) ~[na:na]
	at org.eclipse.team.internal.ui.actions.ConfigureProjectAction.lambda$0(ConfigureProjectAction.java:40) ~[na:na]
	at org.eclipse.team.internal.ui.actions.TeamAction.lambda$1(TeamAction.java:306) ~[na:na]
	at org.eclipse.swt.custom.BusyIndicator.showWhile(BusyIndicator.java:74) ~[org.eclipse.swt.win32.win32.x86_64_3.120.0.v20220530-1036.jar:na]
	at org.eclipse.team.internal.ui.actions.TeamAction.run(TeamAction.java:304) ~[na:na]
	at org.eclipse.team.internal.ui.actions.ConfigureProjectAction.execute(ConfigureProjectAction.java:35) ~[na:na]
	at org.eclipse.team.internal.ui.actions.TeamAction.run(TeamAction.java:567) ~[na:na]
	at org.eclipse.team.internal.ui.actions.TeamAction.runWithEvent(TeamAction.java:603) ~[na:na]
	at org.eclipse.ui.internal.PluginAction.runWithEvent(PluginAction.java:229) ~[na:na]
	at org.eclipse.jface.action.ActionContributionItem.handleWidgetSelection(ActionContributionItem.java:580) ~[org.eclipse.jface_3.26.0.v20220513-0449.jar:na]
	at org.eclipse.jface.action.ActionContributionItem.lambda$4(ActionContributionItem.java:414) ~[org.eclipse.jface_3.26.0.v20220513-0449.jar:na]
	at org.eclipse.swt.widgets.EventTable.sendEvent(EventTable.java:89) ~[org.eclipse.swt.win32.win32.x86_64_3.120.0.v20220530-1036.jar:na]
	at org.eclipse.swt.widgets.Display.sendEvent(Display.java:4251) ~[org.eclipse.swt.win32.win32.x86_64_3.120.0.v20220530-1036.jar:na]
	at org.eclipse.swt.widgets.Widget.sendEvent(Widget.java:1066) ~[org.eclipse.swt.win32.win32.x86_64_3.120.0.v20220530-1036.jar:na]
	at org.eclipse.swt.widgets.Display.runDeferredEvents(Display.java:4068) ~[org.eclipse.swt.win32.win32.x86_64_3.120.0.v20220530-1036.jar:na]
	at org.eclipse.swt.widgets.Display.readAndDispatch(Display.java:3645) ~[org.eclipse.swt.win32.win32.x86_64_3.120.0.v20220530-1036.jar:na]
	at org.eclipse.e4.ui.internal.workbench.swt.PartRenderingEngine$5.run(PartRenderingEngine.java:1155) ~[na:na]
	at org.eclipse.core.databinding.observable.Realm.runWithDefault(Realm.java:338) ~[na:na]
	at org.eclipse.e4.ui.internal.workbench.swt.PartRenderingEngine.run(PartRenderingEngine.java:1046) ~[na:na]
	at org.eclipse.e4.ui.internal.workbench.E4Workbench.createAndRunUI(E4Workbench.java:155) ~[na:na]
	at org.eclipse.ui.internal.Workbench.lambda$3(Workbench.java:644) ~[na:na]
	at org.eclipse.core.databinding.observable.Realm.runWithDefault(Realm.java:338) ~[na:na]
	at org.eclipse.ui.internal.Workbench.createAndRunWorkbench(Workbench.java:551) ~[na:na]
	at org.eclipse.ui.PlatformUI.createAndRunWorkbench(PlatformUI.java:156) ~[na:na]
	at org.eclipse.ui.internal.ide.application.IDEApplication.start(IDEApplication.java:152) ~[na:na]
	at org.eclipse.equinox.internal.app.EclipseAppHandle.run(EclipseAppHandle.java:203) ~[org.eclipse.equinox.app_1.6.100.v20211021-1418.jar:na]
	at org.eclipse.core.runtime.internal.adaptor.EclipseAppLauncher.runApplication(EclipseAppLauncher.java:136) ~[org.eclipse.osgi_3.18.0.v20220516-2155.jar:na]
	at org.eclipse.core.runtime.internal.adaptor.EclipseAppLauncher.start(EclipseAppLauncher.java:104) ~[org.eclipse.osgi_3.18.0.v20220516-2155.jar:na]
	at org.eclipse.core.runtime.adaptor.EclipseStarter.run(EclipseStarter.java:402) ~[org.eclipse.osgi_3.18.0.v20220516-2155.jar:na]
	at org.eclipse.core.runtime.adaptor.EclipseStarter.run(EclipseStarter.java:255) ~[org.eclipse.osgi_3.18.0.v20220516-2155.jar:na]
	at java.base/jdk.internal.reflect.NativeMethodAccessorImpl.invoke0(Native Method) ~[na:na]
	at java.base/jdk.internal.reflect.NativeMethodAccessorImpl.invoke(NativeMethodAccessorImpl.java:77) ~[na:na]
	at java.base/jdk.internal.reflect.DelegatingMethodAccessorImpl.invoke(DelegatingMethodAccessorImpl.java:43) ~[na:na]
	at java.base/java.lang.reflect.Method.invoke(Method.java:568) ~[na:na]
	at org.eclipse.equinox.launcher.Main.invokeFramework(Main.java:659) ~[org.eclipse.equinox.launcher_1.6.400.v20210924-0641.jar:na]
	at org.eclipse.equinox.launcher.Main.basicRun(Main.java:596) ~[org.eclipse.equinox.launcher_1.6.400.v20210924-0641.jar:na]
	at org.eclipse.equinox.launcher.Main.run(Main.java:1467) ~[org.eclipse.equinox.launcher_1.6.400.v20210924-0641.jar:na]
Caused by: org.eclipse.jgit.errors.ConfigInvalidException: Invalid line in config file
	at org.eclipse.jgit.lib.Config.fromTextRecurse(Config.java:1206) ~[na:na]
	at org.eclipse.jgit.lib.Config.fromText(Config.java:1134) ~[na:na]
	at org.eclipse.jgit.storage.file.FileBasedConfig.lambda$0(FileBasedConfig.java:138) ~[na:na]
	at org.eclipse.jgit.util.FileUtils.readWithRetries(FileUtils.java:722) ~[na:na]
	at org.eclipse.jgit.storage.file.FileBasedConfig.load(FileBasedConfig.java:115) ~[na:na]
	... 66 common frames omitted
2022-09-15 21:44:35,659 [main] ERROR o.e.j.i.storage.file.FileRepository - Cannot read file C:\Users\Doanu_uw1wuko\.gitconfig
org.eclipse.jgit.errors.ConfigInvalidException: Cannot read file C:\Users\Doanu_uw1wuko\.gitconfig
	at org.eclipse.jgit.storage.file.FileBasedConfig.load(FileBasedConfig.java:151) ~[na:na]
	at org.eclipse.jgit.util.SystemReader.updateAll(SystemReader.java:395) ~[na:na]
	at org.eclipse.jgit.util.SystemReader.getUserConfig(SystemReader.java:321) ~[na:na]
	at org.eclipse.egit.core.internal.EclipseSystemReader.getUserConfig(EclipseSystemReader.java:106) ~[na:na]
	at org.eclipse.jgit.internal.storage.file.FileRepository.<init>(FileRepository.java:161) ~[na:na]
	at org.eclipse.jgit.lib.BaseRepositoryBuilder.build(BaseRepositoryBuilder.java:625) ~[na:na]
	at org.eclipse.jgit.api.InitCommand.call(InitCommand.java:101) ~[na:na]
	at org.eclipse.egit.ui.internal.repository.NewRepositoryWizard.performFinish(NewRepositoryWizard.java:90) ~[na:na]
	at org.eclipse.jface.wizard.WizardDialog.finishPressed(WizardDialog.java:832) ~[org.eclipse.jface_3.26.0.v20220513-0449.jar:na]
	at org.eclipse.jface.wizard.WizardDialog.buttonPressed(WizardDialog.java:472) ~[org.eclipse.jface_3.26.0.v20220513-0449.jar:na]
	at org.eclipse.jface.dialogs.Dialog.lambda$0(Dialog.java:619) ~[org.eclipse.jface_3.26.0.v20220513-0449.jar:na]
	at org.eclipse.swt.events.SelectionListener$1.widgetSelected(SelectionListener.java:84) ~[org.eclipse.swt.win32.win32.x86_64_3.120.0.v20220530-1036.jar:na]
	at org.eclipse.swt.widgets.TypedListener.handleEvent(TypedListener.java:252) ~[org.eclipse.swt.win32.win32.x86_64_3.120.0.v20220530-1036.jar:na]
	at org.eclipse.swt.widgets.EventTable.sendEvent(EventTable.java:89) ~[org.eclipse.swt.win32.win32.x86_64_3.120.0.v20220530-1036.jar:na]
	at org.eclipse.swt.widgets.Display.sendEvent(Display.java:4251) ~[org.eclipse.swt.win32.win32.x86_64_3.120.0.v20220530-1036.jar:na]
	at org.eclipse.swt.widgets.Widget.sendEvent(Widget.java:1066) ~[org.eclipse.swt.win32.win32.x86_64_3.120.0.v20220530-1036.jar:na]
	at org.eclipse.swt.widgets.Display.runDeferredEvents(Display.java:4068) ~[org.eclipse.swt.win32.win32.x86_64_3.120.0.v20220530-1036.jar:na]
	at org.eclipse.swt.widgets.Display.readAndDispatch(Display.java:3645) ~[org.eclipse.swt.win32.win32.x86_64_3.120.0.v20220530-1036.jar:na]
	at org.eclipse.jface.window.Window.runEventLoop(Window.java:823) ~[org.eclipse.jface_3.26.0.v20220513-0449.jar:na]
	at org.eclipse.jface.window.Window.open(Window.java:799) ~[org.eclipse.jface_3.26.0.v20220513-0449.jar:na]
	at org.eclipse.egit.ui.internal.sharing.ExistingOrNewPage$3.widgetSelected(ExistingOrNewPage.java:188) ~[na:na]
	at org.eclipse.swt.widgets.TypedListener.handleEvent(TypedListener.java:252) ~[org.eclipse.swt.win32.win32.x86_64_3.120.0.v20220530-1036.jar:na]
	at org.eclipse.swt.widgets.EventTable.sendEvent(EventTable.java:89) ~[org.eclipse.swt.win32.win32.x86_64_3.120.0.v20220530-1036.jar:na]
	at org.eclipse.swt.widgets.Display.sendEvent(Display.java:4251) ~[org.eclipse.swt.win32.win32.x86_64_3.120.0.v20220530-1036.jar:na]
	at org.eclipse.swt.widgets.Widget.sendEvent(Widget.java:1066) ~[org.eclipse.swt.win32.win32.x86_64_3.120.0.v20220530-1036.jar:na]
	at org.eclipse.swt.widgets.Display.runDeferredEvents(Display.java:4068) ~[org.eclipse.swt.win32.win32.x86_64_3.120.0.v20220530-1036.jar:na]
	at org.eclipse.swt.widgets.Display.readAndDispatch(Display.java:3645) ~[org.eclipse.swt.win32.win32.x86_64_3.120.0.v20220530-1036.jar:na]
	at org.eclipse.jface.window.Window.runEventLoop(Window.java:823) ~[org.eclipse.jface_3.26.0.v20220513-0449.jar:na]
	at org.eclipse.jface.window.Window.open(Window.java:799) ~[org.eclipse.jface_3.26.0.v20220513-0449.jar:na]
	at org.eclipse.team.internal.ui.wizards.ConfigureProjectWizard.openWizard(ConfigureProjectWizard.java:229) ~[na:na]
	at org.eclipse.team.internal.ui.wizards.ConfigureProjectWizard.shareProjects(ConfigureProjectWizard.java:130) ~[na:na]
	at org.eclipse.team.internal.ui.actions.ConfigureProjectAction.lambda$0(ConfigureProjectAction.java:40) ~[na:na]
	at org.eclipse.team.internal.ui.actions.TeamAction.lambda$1(TeamAction.java:306) ~[na:na]
	at org.eclipse.swt.custom.BusyIndicator.showWhile(BusyIndicator.java:74) ~[org.eclipse.swt.win32.win32.x86_64_3.120.0.v20220530-1036.jar:na]
	at org.eclipse.team.internal.ui.actions.TeamAction.run(TeamAction.java:304) ~[na:na]
	at org.eclipse.team.internal.ui.actions.ConfigureProjectAction.execute(ConfigureProjectAction.java:35) ~[na:na]
	at org.eclipse.team.internal.ui.actions.TeamAction.run(TeamAction.java:567) ~[na:na]
	at org.eclipse.team.internal.ui.actions.TeamAction.runWithEvent(TeamAction.java:603) ~[na:na]
	at org.eclipse.ui.internal.PluginAction.runWithEvent(PluginAction.java:229) ~[na:na]
	at org.eclipse.jface.action.ActionContributionItem.handleWidgetSelection(ActionContributionItem.java:580) ~[org.eclipse.jface_3.26.0.v20220513-0449.jar:na]
	at org.eclipse.jface.action.ActionContributionItem.lambda$4(ActionContributionItem.java:414) ~[org.eclipse.jface_3.26.0.v20220513-0449.jar:na]
	at org.eclipse.swt.widgets.EventTable.sendEvent(EventTable.java:89) ~[org.eclipse.swt.win32.win32.x86_64_3.120.0.v20220530-1036.jar:na]
	at org.eclipse.swt.widgets.Display.sendEvent(Display.java:4251) ~[org.eclipse.swt.win32.win32.x86_64_3.120.0.v20220530-1036.jar:na]
	at org.eclipse.swt.widgets.Widget.sendEvent(Widget.java:1066) ~[org.eclipse.swt.win32.win32.x86_64_3.120.0.v20220530-1036.jar:na]
	at org.eclipse.swt.widgets.Display.runDeferredEvents(Display.java:4068) ~[org.eclipse.swt.win32.win32.x86_64_3.120.0.v20220530-1036.jar:na]
	at org.eclipse.swt.widgets.Display.readAndDispatch(Display.java:3645) ~[org.eclipse.swt.win32.win32.x86_64_3.120.0.v20220530-1036.jar:na]
	at org.eclipse.e4.ui.internal.workbench.swt.PartRenderingEngine$5.run(PartRenderingEngine.java:1155) ~[na:na]
	at org.eclipse.core.databinding.observable.Realm.runWithDefault(Realm.java:338) ~[na:na]
	at org.eclipse.e4.ui.internal.workbench.swt.PartRenderingEngine.run(PartRenderingEngine.java:1046) ~[na:na]
	at org.eclipse.e4.ui.internal.workbench.E4Workbench.createAndRunUI(E4Workbench.java:155) ~[na:na]
	at org.eclipse.ui.internal.Workbench.lambda$3(Workbench.java:644) ~[na:na]
	at org.eclipse.core.databinding.observable.Realm.runWithDefault(Realm.java:338) ~[na:na]
	at org.eclipse.ui.internal.Workbench.createAndRunWorkbench(Workbench.java:551) ~[na:na]
	at org.eclipse.ui.PlatformUI.createAndRunWorkbench(PlatformUI.java:156) ~[na:na]
	at org.eclipse.ui.internal.ide.application.IDEApplication.start(IDEApplication.java:152) ~[na:na]
	at org.eclipse.equinox.internal.app.EclipseAppHandle.run(EclipseAppHandle.java:203) ~[org.eclipse.equinox.app_1.6.100.v20211021-1418.jar:na]
	at org.eclipse.core.runtime.internal.adaptor.EclipseAppLauncher.runApplication(EclipseAppLauncher.java:136) ~[org.eclipse.osgi_3.18.0.v20220516-2155.jar:na]
	at org.eclipse.core.runtime.internal.adaptor.EclipseAppLauncher.start(EclipseAppLauncher.java:104) ~[org.eclipse.osgi_3.18.0.v20220516-2155.jar:na]
	at org.eclipse.core.runtime.adaptor.EclipseStarter.run(EclipseStarter.java:402) ~[org.eclipse.osgi_3.18.0.v20220516-2155.jar:na]
	at org.eclipse.core.runtime.adaptor.EclipseStarter.run(EclipseStarter.java:255) ~[org.eclipse.osgi_3.18.0.v20220516-2155.jar:na]
	at java.base/jdk.internal.reflect.NativeMethodAccessorImpl.invoke0(Native Method) ~[na:na]
	at java.base/jdk.internal.reflect.NativeMethodAccessorImpl.invoke(NativeMethodAccessorImpl.java:77) ~[na:na]
	at java.base/jdk.internal.reflect.DelegatingMethodAccessorImpl.invoke(DelegatingMethodAccessorImpl.java:43) ~[na:na]
	at java.base/java.lang.reflect.Method.invoke(Method.java:568) ~[na:na]
	at org.eclipse.equinox.launcher.Main.invokeFramework(Main.java:659) ~[org.eclipse.equinox.launcher_1.6.400.v20210924-0641.jar:na]
	at org.eclipse.equinox.launcher.Main.basicRun(Main.java:596) ~[org.eclipse.equinox.launcher_1.6.400.v20210924-0641.jar:na]
	at org.eclipse.equinox.launcher.Main.run(Main.java:1467) ~[org.eclipse.equinox.launcher_1.6.400.v20210924-0641.jar:na]
Caused by: org.eclipse.jgit.errors.ConfigInvalidException: Invalid line in config file
	at org.eclipse.jgit.lib.Config.fromTextRecurse(Config.java:1206) ~[na:na]
	at org.eclipse.jgit.lib.Config.fromText(Config.java:1134) ~[na:na]
	at org.eclipse.jgit.storage.file.FileBasedConfig.lambda$0(FileBasedConfig.java:138) ~[na:na]
	at org.eclipse.jgit.util.FileUtils.readWithRetries(FileUtils.java:722) ~[na:na]
	at org.eclipse.jgit.storage.file.FileBasedConfig.load(FileBasedConfig.java:115) ~[na:na]
	... 66 common frames omitted
2022-09-15 21:44:55,396 [main] ERROR o.e.j.i.storage.file.FileRepository - Cannot read file C:\Users\Doanu_uw1wuko\.gitconfig
org.eclipse.jgit.errors.ConfigInvalidException: Cannot read file C:\Users\Doanu_uw1wuko\.gitconfig
	at org.eclipse.jgit.storage.file.FileBasedConfig.load(FileBasedConfig.java:151) ~[na:na]
	at org.eclipse.jgit.util.SystemReader.updateAll(SystemReader.java:395) ~[na:na]
	at org.eclipse.jgit.util.SystemReader.getUserConfig(SystemReader.java:321) ~[na:na]
	at org.eclipse.egit.core.internal.EclipseSystemReader.getUserConfig(EclipseSystemReader.java:106) ~[na:na]
	at org.eclipse.jgit.internal.storage.file.FileRepository.<init>(FileRepository.java:161) ~[na:na]
	at org.eclipse.jgit.lib.BaseRepositoryBuilder.build(BaseRepositoryBuilder.java:625) ~[na:na]
	at org.eclipse.jgit.api.InitCommand.call(InitCommand.java:101) ~[na:na]
	at org.eclipse.egit.ui.internal.repository.NewRepositoryWizard.performFinish(NewRepositoryWizard.java:90) ~[na:na]
	at org.eclipse.jface.wizard.WizardDialog.finishPressed(WizardDialog.java:832) ~[org.eclipse.jface_3.26.0.v20220513-0449.jar:na]
	at org.eclipse.jface.wizard.WizardDialog.buttonPressed(WizardDialog.java:472) ~[org.eclipse.jface_3.26.0.v20220513-0449.jar:na]
	at org.eclipse.jface.dialogs.Dialog.lambda$0(Dialog.java:619) ~[org.eclipse.jface_3.26.0.v20220513-0449.jar:na]
	at org.eclipse.swt.events.SelectionListener$1.widgetSelected(SelectionListener.java:84) ~[org.eclipse.swt.win32.win32.x86_64_3.120.0.v20220530-1036.jar:na]
	at org.eclipse.swt.widgets.TypedListener.handleEvent(TypedListener.java:252) ~[org.eclipse.swt.win32.win32.x86_64_3.120.0.v20220530-1036.jar:na]
	at org.eclipse.swt.widgets.EventTable.sendEvent(EventTable.java:89) ~[org.eclipse.swt.win32.win32.x86_64_3.120.0.v20220530-1036.jar:na]
	at org.eclipse.swt.widgets.Display.sendEvent(Display.java:4251) ~[org.eclipse.swt.win32.win32.x86_64_3.120.0.v20220530-1036.jar:na]
	at org.eclipse.swt.widgets.Widget.sendEvent(Widget.java:1066) ~[org.eclipse.swt.win32.win32.x86_64_3.120.0.v20220530-1036.jar:na]
	at org.eclipse.swt.widgets.Display.runDeferredEvents(Display.java:4068) ~[org.eclipse.swt.win32.win32.x86_64_3.120.0.v20220530-1036.jar:na]
	at org.eclipse.swt.widgets.Display.readAndDispatch(Display.java:3645) ~[org.eclipse.swt.win32.win32.x86_64_3.120.0.v20220530-1036.jar:na]
	at org.eclipse.jface.window.Window.runEventLoop(Window.java:823) ~[org.eclipse.jface_3.26.0.v20220513-0449.jar:na]
	at org.eclipse.jface.window.Window.open(Window.java:799) ~[org.eclipse.jface_3.26.0.v20220513-0449.jar:na]
	at org.eclipse.egit.ui.internal.sharing.ExistingOrNewPage$3.widgetSelected(ExistingOrNewPage.java:188) ~[na:na]
	at org.eclipse.swt.widgets.TypedListener.handleEvent(TypedListener.java:252) ~[org.eclipse.swt.win32.win32.x86_64_3.120.0.v20220530-1036.jar:na]
	at org.eclipse.swt.widgets.EventTable.sendEvent(EventTable.java:89) ~[org.eclipse.swt.win32.win32.x86_64_3.120.0.v20220530-1036.jar:na]
	at org.eclipse.swt.widgets.Display.sendEvent(Display.java:4251) ~[org.eclipse.swt.win32.win32.x86_64_3.120.0.v20220530-1036.jar:na]
	at org.eclipse.swt.widgets.Widget.sendEvent(Widget.java:1066) ~[org.eclipse.swt.win32.win32.x86_64_3.120.0.v20220530-1036.jar:na]
	at org.eclipse.swt.widgets.Display.runDeferredEvents(Display.java:4068) ~[org.eclipse.swt.win32.win32.x86_64_3.120.0.v20220530-1036.jar:na]
	at org.eclipse.swt.widgets.Display.readAndDispatch(Display.java:3645) ~[org.eclipse.swt.win32.win32.x86_64_3.120.0.v20220530-1036.jar:na]
	at org.eclipse.jface.window.Window.runEventLoop(Window.java:823) ~[org.eclipse.jface_3.26.0.v20220513-0449.jar:na]
	at org.eclipse.jface.window.Window.open(Window.java:799) ~[org.eclipse.jface_3.26.0.v20220513-0449.jar:na]
	at org.eclipse.team.internal.ui.wizards.ConfigureProjectWizard.openWizard(ConfigureProjectWizard.java:229) ~[na:na]
	at org.eclipse.team.internal.ui.wizards.ConfigureProjectWizard.shareProjects(ConfigureProjectWizard.java:130) ~[na:na]
	at org.eclipse.team.internal.ui.actions.ConfigureProjectAction.lambda$0(ConfigureProjectAction.java:40) ~[na:na]
	at org.eclipse.team.internal.ui.actions.TeamAction.lambda$1(TeamAction.java:306) ~[na:na]
	at org.eclipse.swt.custom.BusyIndicator.showWhile(BusyIndicator.java:74) ~[org.eclipse.swt.win32.win32.x86_64_3.120.0.v20220530-1036.jar:na]
	at org.eclipse.team.internal.ui.actions.TeamAction.run(TeamAction.java:304) ~[na:na]
	at org.eclipse.team.internal.ui.actions.ConfigureProjectAction.execute(ConfigureProjectAction.java:35) ~[na:na]
	at org.eclipse.team.internal.ui.actions.TeamAction.run(TeamAction.java:567) ~[na:na]
	at org.eclipse.team.internal.ui.actions.TeamAction.runWithEvent(TeamAction.java:603) ~[na:na]
	at org.eclipse.ui.internal.PluginAction.runWithEvent(PluginAction.java:229) ~[na:na]
	at org.eclipse.jface.action.ActionContributionItem.handleWidgetSelection(ActionContributionItem.java:580) ~[org.eclipse.jface_3.26.0.v20220513-0449.jar:na]
	at org.eclipse.jface.action.ActionContributionItem.lambda$4(ActionContributionItem.java:414) ~[org.eclipse.jface_3.26.0.v20220513-0449.jar:na]
	at org.eclipse.swt.widgets.EventTable.sendEvent(EventTable.java:89) ~[org.eclipse.swt.win32.win32.x86_64_3.120.0.v20220530-1036.jar:na]
	at org.eclipse.swt.widgets.Display.sendEvent(Display.java:4251) ~[org.eclipse.swt.win32.win32.x86_64_3.120.0.v20220530-1036.jar:na]
	at org.eclipse.swt.widgets.Widget.sendEvent(Widget.java:1066) ~[org.eclipse.swt.win32.win32.x86_64_3.120.0.v20220530-1036.jar:na]
	at org.eclipse.swt.widgets.Display.runDeferredEvents(Display.java:4068) ~[org.eclipse.swt.win32.win32.x86_64_3.120.0.v20220530-1036.jar:na]
	at org.eclipse.swt.widgets.Display.readAndDispatch(Display.java:3645) ~[org.eclipse.swt.win32.win32.x86_64_3.120.0.v20220530-1036.jar:na]
	at org.eclipse.e4.ui.internal.workbench.swt.PartRenderingEngine$5.run(PartRenderingEngine.java:1155) ~[na:na]
	at org.eclipse.core.databinding.observable.Realm.runWithDefault(Realm.java:338) ~[na:na]
	at org.eclipse.e4.ui.internal.workbench.swt.PartRenderingEngine.run(PartRenderingEngine.java:1046) ~[na:na]
	at org.eclipse.e4.ui.internal.workbench.E4Workbench.createAndRunUI(E4Workbench.java:155) ~[na:na]
	at org.eclipse.ui.internal.Workbench.lambda$3(Workbench.java:644) ~[na:na]
	at org.eclipse.core.databinding.observable.Realm.runWithDefault(Realm.java:338) ~[na:na]
	at org.eclipse.ui.internal.Workbench.createAndRunWorkbench(Workbench.java:551) ~[na:na]
	at org.eclipse.ui.PlatformUI.createAndRunWorkbench(PlatformUI.java:156) ~[na:na]
	at org.eclipse.ui.internal.ide.application.IDEApplication.start(IDEApplication.java:152) ~[na:na]
	at org.eclipse.equinox.internal.app.EclipseAppHandle.run(EclipseAppHandle.java:203) ~[org.eclipse.equinox.app_1.6.100.v20211021-1418.jar:na]
	at org.eclipse.core.runtime.internal.adaptor.EclipseAppLauncher.runApplication(EclipseAppLauncher.java:136) ~[org.eclipse.osgi_3.18.0.v20220516-2155.jar:na]
	at org.eclipse.core.runtime.internal.adaptor.EclipseAppLauncher.start(EclipseAppLauncher.java:104) ~[org.eclipse.osgi_3.18.0.v20220516-2155.jar:na]
	at org.eclipse.core.runtime.adaptor.EclipseStarter.run(EclipseStarter.java:402) ~[org.eclipse.osgi_3.18.0.v20220516-2155.jar:na]
	at org.eclipse.core.runtime.adaptor.EclipseStarter.run(EclipseStarter.java:255) ~[org.eclipse.osgi_3.18.0.v20220516-2155.jar:na]
	at java.base/jdk.internal.reflect.NativeMethodAccessorImpl.invoke0(Native Method) ~[na:na]
	at java.base/jdk.internal.reflect.NativeMethodAccessorImpl.invoke(NativeMethodAccessorImpl.java:77) ~[na:na]
	at java.base/jdk.internal.reflect.DelegatingMethodAccessorImpl.invoke(DelegatingMethodAccessorImpl.java:43) ~[na:na]
	at java.base/java.lang.reflect.Method.invoke(Method.java:568) ~[na:na]
	at org.eclipse.equinox.launcher.Main.invokeFramework(Main.java:659) ~[org.eclipse.equinox.launcher_1.6.400.v20210924-0641.jar:na]
	at org.eclipse.equinox.launcher.Main.basicRun(Main.java:596) ~[org.eclipse.equinox.launcher_1.6.400.v20210924-0641.jar:na]
	at org.eclipse.equinox.launcher.Main.run(Main.java:1467) ~[org.eclipse.equinox.launcher_1.6.400.v20210924-0641.jar:na]
Caused by: org.eclipse.jgit.errors.ConfigInvalidException: Invalid line in config file
	at org.eclipse.jgit.lib.Config.fromTextRecurse(Config.java:1206) ~[na:na]
	at org.eclipse.jgit.lib.Config.fromText(Config.java:1134) ~[na:na]
	at org.eclipse.jgit.storage.file.FileBasedConfig.lambda$0(FileBasedConfig.java:138) ~[na:na]
	at org.eclipse.jgit.util.FileUtils.readWithRetries(FileUtils.java:722) ~[na:na]
	at org.eclipse.jgit.storage.file.FileBasedConfig.load(FileBasedConfig.java:115) ~[na:na]
	... 66 common frames omitted
2022-09-15 21:45:02,367 [main] ERROR o.e.j.i.storage.file.FileRepository - Cannot read file C:\Users\Doanu_uw1wuko\.gitconfig
org.eclipse.jgit.errors.ConfigInvalidException: Cannot read file C:\Users\Doanu_uw1wuko\.gitconfig
	at org.eclipse.jgit.storage.file.FileBasedConfig.load(FileBasedConfig.java:151) ~[na:na]
	at org.eclipse.jgit.util.SystemReader.updateAll(SystemReader.java:395) ~[na:na]
	at org.eclipse.jgit.util.SystemReader.getUserConfig(SystemReader.java:321) ~[na:na]
	at org.eclipse.egit.core.internal.EclipseSystemReader.getUserConfig(EclipseSystemReader.java:106) ~[na:na]
	at org.eclipse.jgit.internal.storage.file.FileRepository.<init>(FileRepository.java:161) ~[na:na]
	at org.eclipse.jgit.lib.BaseRepositoryBuilder.build(BaseRepositoryBuilder.java:625) ~[na:na]
	at org.eclipse.jgit.api.InitCommand.call(InitCommand.java:101) ~[na:na]
	at org.eclipse.egit.ui.internal.repository.NewRepositoryWizard.performFinish(NewRepositoryWizard.java:90) ~[na:na]
	at org.eclipse.jface.wizard.WizardDialog.finishPressed(WizardDialog.java:832) ~[org.eclipse.jface_3.26.0.v20220513-0449.jar:na]
	at org.eclipse.jface.wizard.WizardDialog.buttonPressed(WizardDialog.java:472) ~[org.eclipse.jface_3.26.0.v20220513-0449.jar:na]
	at org.eclipse.jface.dialogs.Dialog.lambda$0(Dialog.java:619) ~[org.eclipse.jface_3.26.0.v20220513-0449.jar:na]
	at org.eclipse.swt.events.SelectionListener$1.widgetSelected(SelectionListener.java:84) ~[org.eclipse.swt.win32.win32.x86_64_3.120.0.v20220530-1036.jar:na]
	at org.eclipse.swt.widgets.TypedListener.handleEvent(TypedListener.java:252) ~[org.eclipse.swt.win32.win32.x86_64_3.120.0.v20220530-1036.jar:na]
	at org.eclipse.swt.widgets.EventTable.sendEvent(EventTable.java:89) ~[org.eclipse.swt.win32.win32.x86_64_3.120.0.v20220530-1036.jar:na]
	at org.eclipse.swt.widgets.Display.sendEvent(Display.java:4251) ~[org.eclipse.swt.win32.win32.x86_64_3.120.0.v20220530-1036.jar:na]
	at org.eclipse.swt.widgets.Widget.sendEvent(Widget.java:1066) ~[org.eclipse.swt.win32.win32.x86_64_3.120.0.v20220530-1036.jar:na]
	at org.eclipse.swt.widgets.Display.runDeferredEvents(Display.java:4068) ~[org.eclipse.swt.win32.win32.x86_64_3.120.0.v20220530-1036.jar:na]
	at org.eclipse.swt.widgets.Display.readAndDispatch(Display.java:3645) ~[org.eclipse.swt.win32.win32.x86_64_3.120.0.v20220530-1036.jar:na]
	at org.eclipse.jface.window.Window.runEventLoop(Window.java:823) ~[org.eclipse.jface_3.26.0.v20220513-0449.jar:na]
	at org.eclipse.jface.window.Window.open(Window.java:799) ~[org.eclipse.jface_3.26.0.v20220513-0449.jar:na]
	at org.eclipse.egit.ui.internal.sharing.ExistingOrNewPage$3.widgetSelected(ExistingOrNewPage.java:188) ~[na:na]
	at org.eclipse.swt.widgets.TypedListener.handleEvent(TypedListener.java:252) ~[org.eclipse.swt.win32.win32.x86_64_3.120.0.v20220530-1036.jar:na]
	at org.eclipse.swt.widgets.EventTable.sendEvent(EventTable.java:89) ~[org.eclipse.swt.win32.win32.x86_64_3.120.0.v20220530-1036.jar:na]
	at org.eclipse.swt.widgets.Display.sendEvent(Display.java:4251) ~[org.eclipse.swt.win32.win32.x86_64_3.120.0.v20220530-1036.jar:na]
	at org.eclipse.swt.widgets.Widget.sendEvent(Widget.java:1066) ~[org.eclipse.swt.win32.win32.x86_64_3.120.0.v20220530-1036.jar:na]
	at org.eclipse.swt.widgets.Display.runDeferredEvents(Display.java:4068) ~[org.eclipse.swt.win32.win32.x86_64_3.120.0.v20220530-1036.jar:na]
	at org.eclipse.swt.widgets.Display.readAndDispatch(Display.java:3645) ~[org.eclipse.swt.win32.win32.x86_64_3.120.0.v20220530-1036.jar:na]
	at org.eclipse.jface.window.Window.runEventLoop(Window.java:823) ~[org.eclipse.jface_3.26.0.v20220513-0449.jar:na]
	at org.eclipse.jface.window.Window.open(Window.java:799) ~[org.eclipse.jface_3.26.0.v20220513-0449.jar:na]
	at org.eclipse.team.internal.ui.wizards.ConfigureProjectWizard.openWizard(ConfigureProjectWizard.java:229) ~[na:na]
	at org.eclipse.team.internal.ui.wizards.ConfigureProjectWizard.shareProjects(ConfigureProjectWizard.java:130) ~[na:na]
	at org.eclipse.team.internal.ui.actions.ConfigureProjectAction.lambda$0(ConfigureProjectAction.java:40) ~[na:na]
	at org.eclipse.team.internal.ui.actions.TeamAction.lambda$1(TeamAction.java:306) ~[na:na]
	at org.eclipse.swt.custom.BusyIndicator.showWhile(BusyIndicator.java:74) ~[org.eclipse.swt.win32.win32.x86_64_3.120.0.v20220530-1036.jar:na]
	at org.eclipse.team.internal.ui.actions.TeamAction.run(TeamAction.java:304) ~[na:na]
	at org.eclipse.team.internal.ui.actions.ConfigureProjectAction.execute(ConfigureProjectAction.java:35) ~[na:na]
	at org.eclipse.team.internal.ui.actions.TeamAction.run(TeamAction.java:567) ~[na:na]
	at org.eclipse.team.internal.ui.actions.TeamAction.runWithEvent(TeamAction.java:603) ~[na:na]
	at org.eclipse.ui.internal.PluginAction.runWithEvent(PluginAction.java:229) ~[na:na]
	at org.eclipse.jface.action.ActionContributionItem.handleWidgetSelection(ActionContributionItem.java:580) ~[org.eclipse.jface_3.26.0.v20220513-0449.jar:na]
	at org.eclipse.jface.action.ActionContributionItem.lambda$4(ActionContributionItem.java:414) ~[org.eclipse.jface_3.26.0.v20220513-0449.jar:na]
	at org.eclipse.swt.widgets.EventTable.sendEvent(EventTable.java:89) ~[org.eclipse.swt.win32.win32.x86_64_3.120.0.v20220530-1036.jar:na]
	at org.eclipse.swt.widgets.Display.sendEvent(Display.java:4251) ~[org.eclipse.swt.win32.win32.x86_64_3.120.0.v20220530-1036.jar:na]
	at org.eclipse.swt.widgets.Widget.sendEvent(Widget.java:1066) ~[org.eclipse.swt.win32.win32.x86_64_3.120.0.v20220530-1036.jar:na]
	at org.eclipse.swt.widgets.Display.runDeferredEvents(Display.java:4068) ~[org.eclipse.swt.win32.win32.x86_64_3.120.0.v20220530-1036.jar:na]
	at org.eclipse.swt.widgets.Display.readAndDispatch(Display.java:3645) ~[org.eclipse.swt.win32.win32.x86_64_3.120.0.v20220530-1036.jar:na]
	at org.eclipse.e4.ui.internal.workbench.swt.PartRenderingEngine$5.run(PartRenderingEngine.java:1155) ~[na:na]
	at org.eclipse.core.databinding.observable.Realm.runWithDefault(Realm.java:338) ~[na:na]
	at org.eclipse.e4.ui.internal.workbench.swt.PartRenderingEngine.run(PartRenderingEngine.java:1046) ~[na:na]
	at org.eclipse.e4.ui.internal.workbench.E4Workbench.createAndRunUI(E4Workbench.java:155) ~[na:na]
	at org.eclipse.ui.internal.Workbench.lambda$3(Workbench.java:644) ~[na:na]
	at org.eclipse.core.databinding.observable.Realm.runWithDefault(Realm.java:338) ~[na:na]
	at org.eclipse.ui.internal.Workbench.createAndRunWorkbench(Workbench.java:551) ~[na:na]
	at org.eclipse.ui.PlatformUI.createAndRunWorkbench(PlatformUI.java:156) ~[na:na]
	at org.eclipse.ui.internal.ide.application.IDEApplication.start(IDEApplication.java:152) ~[na:na]
	at org.eclipse.equinox.internal.app.EclipseAppHandle.run(EclipseAppHandle.java:203) ~[org.eclipse.equinox.app_1.6.100.v20211021-1418.jar:na]
	at org.eclipse.core.runtime.internal.adaptor.EclipseAppLauncher.runApplication(EclipseAppLauncher.java:136) ~[org.eclipse.osgi_3.18.0.v20220516-2155.jar:na]
	at org.eclipse.core.runtime.internal.adaptor.EclipseAppLauncher.start(EclipseAppLauncher.java:104) ~[org.eclipse.osgi_3.18.0.v20220516-2155.jar:na]
	at org.eclipse.core.runtime.adaptor.EclipseStarter.run(EclipseStarter.java:402) ~[org.eclipse.osgi_3.18.0.v20220516-2155.jar:na]
	at org.eclipse.core.runtime.adaptor.EclipseStarter.run(EclipseStarter.java:255) ~[org.eclipse.osgi_3.18.0.v20220516-2155.jar:na]
	at java.base/jdk.internal.reflect.NativeMethodAccessorImpl.invoke0(Native Method) ~[na:na]
	at java.base/jdk.internal.reflect.NativeMethodAccessorImpl.invoke(NativeMethodAccessorImpl.java:77) ~[na:na]
	at java.base/jdk.internal.reflect.DelegatingMethodAccessorImpl.invoke(DelegatingMethodAccessorImpl.java:43) ~[na:na]
	at java.base/java.lang.reflect.Method.invoke(Method.java:568) ~[na:na]
	at org.eclipse.equinox.launcher.Main.invokeFramework(Main.java:659) ~[org.eclipse.equinox.launcher_1.6.400.v20210924-0641.jar:na]
	at org.eclipse.equinox.launcher.Main.basicRun(Main.java:596) ~[org.eclipse.equinox.launcher_1.6.400.v20210924-0641.jar:na]
	at org.eclipse.equinox.launcher.Main.run(Main.java:1467) ~[org.eclipse.equinox.launcher_1.6.400.v20210924-0641.jar:na]
Caused by: org.eclipse.jgit.errors.ConfigInvalidException: Invalid line in config file
	at org.eclipse.jgit.lib.Config.fromTextRecurse(Config.java:1206) ~[na:na]
	at org.eclipse.jgit.lib.Config.fromText(Config.java:1134) ~[na:na]
	at org.eclipse.jgit.storage.file.FileBasedConfig.lambda$0(FileBasedConfig.java:138) ~[na:na]
	at org.eclipse.jgit.util.FileUtils.readWithRetries(FileUtils.java:722) ~[na:na]
	at org.eclipse.jgit.storage.file.FileBasedConfig.load(FileBasedConfig.java:115) ~[na:na]
	... 66 common frames omitted
2022-09-15 22:03:17,952 [main] ERROR o.e.j.i.storage.file.FileRepository - Cannot read file C:\Users\Doanu_uw1wuko\.gitconfig
org.eclipse.jgit.errors.ConfigInvalidException: Cannot read file C:\Users\Doanu_uw1wuko\.gitconfig
	at org.eclipse.jgit.storage.file.FileBasedConfig.load(FileBasedConfig.java:151) ~[na:na]
	at org.eclipse.jgit.util.SystemReader.updateAll(SystemReader.java:395) ~[na:na]
	at org.eclipse.jgit.util.SystemReader.getUserConfig(SystemReader.java:321) ~[na:na]
	at org.eclipse.egit.core.internal.EclipseSystemReader.getUserConfig(EclipseSystemReader.java:106) ~[na:na]
	at org.eclipse.jgit.internal.storage.file.FileRepository.<init>(FileRepository.java:161) ~[na:na]
	at org.eclipse.jgit.lib.BaseRepositoryBuilder.build(BaseRepositoryBuilder.java:625) ~[na:na]
	at org.eclipse.jgit.api.InitCommand.call(InitCommand.java:101) ~[na:na]
	at org.eclipse.egit.ui.internal.repository.NewRepositoryWizard.performFinish(NewRepositoryWizard.java:90) ~[na:na]
	at org.eclipse.jface.wizard.WizardDialog.finishPressed(WizardDialog.java:832) ~[org.eclipse.jface_3.26.0.v20220513-0449.jar:na]
	at org.eclipse.jface.wizard.WizardDialog.buttonPressed(WizardDialog.java:472) ~[org.eclipse.jface_3.26.0.v20220513-0449.jar:na]
	at org.eclipse.jface.dialogs.Dialog.lambda$0(Dialog.java:619) ~[org.eclipse.jface_3.26.0.v20220513-0449.jar:na]
	at org.eclipse.swt.events.SelectionListener$1.widgetSelected(SelectionListener.java:84) ~[org.eclipse.swt.win32.win32.x86_64_3.120.0.v20220530-1036.jar:na]
	at org.eclipse.swt.widgets.TypedListener.handleEvent(TypedListener.java:252) ~[org.eclipse.swt.win32.win32.x86_64_3.120.0.v20220530-1036.jar:na]
	at org.eclipse.swt.widgets.EventTable.sendEvent(EventTable.java:89) ~[org.eclipse.swt.win32.win32.x86_64_3.120.0.v20220530-1036.jar:na]
	at org.eclipse.swt.widgets.Display.sendEvent(Display.java:4251) ~[org.eclipse.swt.win32.win32.x86_64_3.120.0.v20220530-1036.jar:na]
	at org.eclipse.swt.widgets.Widget.sendEvent(Widget.java:1066) ~[org.eclipse.swt.win32.win32.x86_64_3.120.0.v20220530-1036.jar:na]
	at org.eclipse.swt.widgets.Display.runDeferredEvents(Display.java:4068) ~[org.eclipse.swt.win32.win32.x86_64_3.120.0.v20220530-1036.jar:na]
	at org.eclipse.swt.widgets.Display.readAndDispatch(Display.java:3645) ~[org.eclipse.swt.win32.win32.x86_64_3.120.0.v20220530-1036.jar:na]
	at org.eclipse.jface.window.Window.runEventLoop(Window.java:823) ~[org.eclipse.jface_3.26.0.v20220513-0449.jar:na]
	at org.eclipse.jface.window.Window.open(Window.java:799) ~[org.eclipse.jface_3.26.0.v20220513-0449.jar:na]
	at org.eclipse.egit.ui.internal.sharing.ExistingOrNewPage$3.widgetSelected(ExistingOrNewPage.java:188) ~[na:na]
	at org.eclipse.swt.widgets.TypedListener.handleEvent(TypedListener.java:252) ~[org.eclipse.swt.win32.win32.x86_64_3.120.0.v20220530-1036.jar:na]
	at org.eclipse.swt.widgets.EventTable.sendEvent(EventTable.java:89) ~[org.eclipse.swt.win32.win32.x86_64_3.120.0.v20220530-1036.jar:na]
	at org.eclipse.swt.widgets.Display.sendEvent(Display.java:4251) ~[org.eclipse.swt.win32.win32.x86_64_3.120.0.v20220530-1036.jar:na]
	at org.eclipse.swt.widgets.Widget.sendEvent(Widget.java:1066) ~[org.eclipse.swt.win32.win32.x86_64_3.120.0.v20220530-1036.jar:na]
	at org.eclipse.swt.widgets.Display.runDeferredEvents(Display.java:4068) ~[org.eclipse.swt.win32.win32.x86_64_3.120.0.v20220530-1036.jar:na]
	at org.eclipse.swt.widgets.Display.readAndDispatch(Display.java:3645) ~[org.eclipse.swt.win32.win32.x86_64_3.120.0.v20220530-1036.jar:na]
	at org.eclipse.jface.window.Window.runEventLoop(Window.java:823) ~[org.eclipse.jface_3.26.0.v20220513-0449.jar:na]
	at org.eclipse.jface.window.Window.open(Window.java:799) ~[org.eclipse.jface_3.26.0.v20220513-0449.jar:na]
	at org.eclipse.team.internal.ui.wizards.ConfigureProjectWizard.openWizard(ConfigureProjectWizard.java:229) ~[na:na]
	at org.eclipse.team.internal.ui.wizards.ConfigureProjectWizard.shareProjects(ConfigureProjectWizard.java:130) ~[na:na]
	at org.eclipse.team.internal.ui.actions.ConfigureProjectAction.lambda$0(ConfigureProjectAction.java:40) ~[na:na]
	at org.eclipse.team.internal.ui.actions.TeamAction.lambda$1(TeamAction.java:306) ~[na:na]
	at org.eclipse.swt.custom.BusyIndicator.showWhile(BusyIndicator.java:74) ~[org.eclipse.swt.win32.win32.x86_64_3.120.0.v20220530-1036.jar:na]
	at org.eclipse.team.internal.ui.actions.TeamAction.run(TeamAction.java:304) ~[na:na]
	at org.eclipse.team.internal.ui.actions.ConfigureProjectAction.execute(ConfigureProjectAction.java:35) ~[na:na]
	at org.eclipse.team.internal.ui.actions.TeamAction.run(TeamAction.java:567) ~[na:na]
	at org.eclipse.team.internal.ui.actions.TeamAction.runWithEvent(TeamAction.java:603) ~[na:na]
	at org.eclipse.ui.internal.PluginAction.runWithEvent(PluginAction.java:229) ~[na:na]
	at org.eclipse.jface.action.ActionContributionItem.handleWidgetSelection(ActionContributionItem.java:580) ~[org.eclipse.jface_3.26.0.v20220513-0449.jar:na]
	at org.eclipse.jface.action.ActionContributionItem.lambda$4(ActionContributionItem.java:414) ~[org.eclipse.jface_3.26.0.v20220513-0449.jar:na]
	at org.eclipse.swt.widgets.EventTable.sendEvent(EventTable.java:89) ~[org.eclipse.swt.win32.win32.x86_64_3.120.0.v20220530-1036.jar:na]
	at org.eclipse.swt.widgets.Display.sendEvent(Display.java:4251) ~[org.eclipse.swt.win32.win32.x86_64_3.120.0.v20220530-1036.jar:na]
	at org.eclipse.swt.widgets.Widget.sendEvent(Widget.java:1066) ~[org.eclipse.swt.win32.win32.x86_64_3.120.0.v20220530-1036.jar:na]
	at org.eclipse.swt.widgets.Display.runDeferredEvents(Display.java:4068) ~[org.eclipse.swt.win32.win32.x86_64_3.120.0.v20220530-1036.jar:na]
	at org.eclipse.swt.widgets.Display.readAndDispatch(Display.java:3645) ~[org.eclipse.swt.win32.win32.x86_64_3.120.0.v20220530-1036.jar:na]
	at org.eclipse.e4.ui.internal.workbench.swt.PartRenderingEngine$5.run(PartRenderingEngine.java:1155) ~[na:na]
	at org.eclipse.core.databinding.observable.Realm.runWithDefault(Realm.java:338) ~[na:na]
	at org.eclipse.e4.ui.internal.workbench.swt.PartRenderingEngine.run(PartRenderingEngine.java:1046) ~[na:na]
	at org.eclipse.e4.ui.internal.workbench.E4Workbench.createAndRunUI(E4Workbench.java:155) ~[na:na]
	at org.eclipse.ui.internal.Workbench.lambda$3(Workbench.java:644) ~[na:na]
	at org.eclipse.core.databinding.observable.Realm.runWithDefault(Realm.java:338) ~[na:na]
	at org.eclipse.ui.internal.Workbench.createAndRunWorkbench(Workbench.java:551) ~[na:na]
	at org.eclipse.ui.PlatformUI.createAndRunWorkbench(PlatformUI.java:156) ~[na:na]
	at org.eclipse.ui.internal.ide.application.IDEApplication.start(IDEApplication.java:152) ~[na:na]
	at org.eclipse.equinox.internal.app.EclipseAppHandle.run(EclipseAppHandle.java:203) ~[org.eclipse.equinox.app_1.6.100.v20211021-1418.jar:na]
	at org.eclipse.core.runtime.internal.adaptor.EclipseAppLauncher.runApplication(EclipseAppLauncher.java:136) ~[org.eclipse.osgi_3.18.0.v20220516-2155.jar:na]
	at org.eclipse.core.runtime.internal.adaptor.EclipseAppLauncher.start(EclipseAppLauncher.java:104) ~[org.eclipse.osgi_3.18.0.v20220516-2155.jar:na]
	at org.eclipse.core.runtime.adaptor.EclipseStarter.run(EclipseStarter.java:402) ~[org.eclipse.osgi_3.18.0.v20220516-2155.jar:na]
	at org.eclipse.core.runtime.adaptor.EclipseStarter.run(EclipseStarter.java:255) ~[org.eclipse.osgi_3.18.0.v20220516-2155.jar:na]
	at java.base/jdk.internal.reflect.NativeMethodAccessorImpl.invoke0(Native Method) ~[na:na]
	at java.base/jdk.internal.reflect.NativeMethodAccessorImpl.invoke(NativeMethodAccessorImpl.java:77) ~[na:na]
	at java.base/jdk.internal.reflect.DelegatingMethodAccessorImpl.invoke(DelegatingMethodAccessorImpl.java:43) ~[na:na]
	at java.base/java.lang.reflect.Method.invoke(Method.java:568) ~[na:na]
	at org.eclipse.equinox.launcher.Main.invokeFramework(Main.java:659) ~[org.eclipse.equinox.launcher_1.6.400.v20210924-0641.jar:na]
	at org.eclipse.equinox.launcher.Main.basicRun(Main.java:596) ~[org.eclipse.equinox.launcher_1.6.400.v20210924-0641.jar:na]
	at org.eclipse.equinox.launcher.Main.run(Main.java:1467) ~[org.eclipse.equinox.launcher_1.6.400.v20210924-0641.jar:na]
Caused by: org.eclipse.jgit.errors.ConfigInvalidException: Invalid line in config file
	at org.eclipse.jgit.lib.Config.fromTextRecurse(Config.java:1206) ~[na:na]
	at org.eclipse.jgit.lib.Config.fromText(Config.java:1134) ~[na:na]
	at org.eclipse.jgit.storage.file.FileBasedConfig.lambda$0(FileBasedConfig.java:138) ~[na:na]
	at org.eclipse.jgit.util.FileUtils.readWithRetries(FileUtils.java:722) ~[na:na]
	at org.eclipse.jgit.storage.file.FileBasedConfig.load(FileBasedConfig.java:115) ~[na:na]
	... 66 common frames omitted
2022-09-15 22:03:19,208 [main] ERROR o.e.j.i.storage.file.FileRepository - Cannot read file C:\Users\Doanu_uw1wuko\.gitconfig
org.eclipse.jgit.errors.ConfigInvalidException: Cannot read file C:\Users\Doanu_uw1wuko\.gitconfig
	at org.eclipse.jgit.storage.file.FileBasedConfig.load(FileBasedConfig.java:151) ~[na:na]
	at org.eclipse.jgit.util.SystemReader.updateAll(SystemReader.java:395) ~[na:na]
	at org.eclipse.jgit.util.SystemReader.getUserConfig(SystemReader.java:321) ~[na:na]
	at org.eclipse.egit.core.internal.EclipseSystemReader.getUserConfig(EclipseSystemReader.java:106) ~[na:na]
	at org.eclipse.jgit.internal.storage.file.FileRepository.<init>(FileRepository.java:161) ~[na:na]
	at org.eclipse.jgit.lib.BaseRepositoryBuilder.build(BaseRepositoryBuilder.java:625) ~[na:na]
	at org.eclipse.jgit.api.InitCommand.call(InitCommand.java:101) ~[na:na]
	at org.eclipse.egit.ui.internal.repository.NewRepositoryWizard.performFinish(NewRepositoryWizard.java:90) ~[na:na]
	at org.eclipse.jface.wizard.WizardDialog.finishPressed(WizardDialog.java:832) ~[org.eclipse.jface_3.26.0.v20220513-0449.jar:na]
	at org.eclipse.jface.wizard.WizardDialog.buttonPressed(WizardDialog.java:472) ~[org.eclipse.jface_3.26.0.v20220513-0449.jar:na]
	at org.eclipse.jface.dialogs.Dialog.lambda$0(Dialog.java:619) ~[org.eclipse.jface_3.26.0.v20220513-0449.jar:na]
	at org.eclipse.swt.events.SelectionListener$1.widgetSelected(SelectionListener.java:84) ~[org.eclipse.swt.win32.win32.x86_64_3.120.0.v20220530-1036.jar:na]
	at org.eclipse.swt.widgets.TypedListener.handleEvent(TypedListener.java:252) ~[org.eclipse.swt.win32.win32.x86_64_3.120.0.v20220530-1036.jar:na]
	at org.eclipse.swt.widgets.EventTable.sendEvent(EventTable.java:89) ~[org.eclipse.swt.win32.win32.x86_64_3.120.0.v20220530-1036.jar:na]
	at org.eclipse.swt.widgets.Display.sendEvent(Display.java:4251) ~[org.eclipse.swt.win32.win32.x86_64_3.120.0.v20220530-1036.jar:na]
	at org.eclipse.swt.widgets.Widget.sendEvent(Widget.java:1066) ~[org.eclipse.swt.win32.win32.x86_64_3.120.0.v20220530-1036.jar:na]
	at org.eclipse.swt.widgets.Display.runDeferredEvents(Display.java:4068) ~[org.eclipse.swt.win32.win32.x86_64_3.120.0.v20220530-1036.jar:na]
	at org.eclipse.swt.widgets.Display.readAndDispatch(Display.java:3645) ~[org.eclipse.swt.win32.win32.x86_64_3.120.0.v20220530-1036.jar:na]
	at org.eclipse.jface.window.Window.runEventLoop(Window.java:823) ~[org.eclipse.jface_3.26.0.v20220513-0449.jar:na]
	at org.eclipse.jface.window.Window.open(Window.java:799) ~[org.eclipse.jface_3.26.0.v20220513-0449.jar:na]
	at org.eclipse.egit.ui.internal.sharing.ExistingOrNewPage$3.widgetSelected(ExistingOrNewPage.java:188) ~[na:na]
	at org.eclipse.swt.widgets.TypedListener.handleEvent(TypedListener.java:252) ~[org.eclipse.swt.win32.win32.x86_64_3.120.0.v20220530-1036.jar:na]
	at org.eclipse.swt.widgets.EventTable.sendEvent(EventTable.java:89) ~[org.eclipse.swt.win32.win32.x86_64_3.120.0.v20220530-1036.jar:na]
	at org.eclipse.swt.widgets.Display.sendEvent(Display.java:4251) ~[org.eclipse.swt.win32.win32.x86_64_3.120.0.v20220530-1036.jar:na]
	at org.eclipse.swt.widgets.Widget.sendEvent(Widget.java:1066) ~[org.eclipse.swt.win32.win32.x86_64_3.120.0.v20220530-1036.jar:na]
	at org.eclipse.swt.widgets.Display.runDeferredEvents(Display.java:4068) ~[org.eclipse.swt.win32.win32.x86_64_3.120.0.v20220530-1036.jar:na]
	at org.eclipse.swt.widgets.Display.readAndDispatch(Display.java:3645) ~[org.eclipse.swt.win32.win32.x86_64_3.120.0.v20220530-1036.jar:na]
	at org.eclipse.jface.window.Window.runEventLoop(Window.java:823) ~[org.eclipse.jface_3.26.0.v20220513-0449.jar:na]
	at org.eclipse.jface.window.Window.open(Window.java:799) ~[org.eclipse.jface_3.26.0.v20220513-0449.jar:na]
	at org.eclipse.team.internal.ui.wizards.ConfigureProjectWizard.openWizard(ConfigureProjectWizard.java:229) ~[na:na]
	at org.eclipse.team.internal.ui.wizards.ConfigureProjectWizard.shareProjects(ConfigureProjectWizard.java:130) ~[na:na]
	at org.eclipse.team.internal.ui.actions.ConfigureProjectAction.lambda$0(ConfigureProjectAction.java:40) ~[na:na]
	at org.eclipse.team.internal.ui.actions.TeamAction.lambda$1(TeamAction.java:306) ~[na:na]
	at org.eclipse.swt.custom.BusyIndicator.showWhile(BusyIndicator.java:74) ~[org.eclipse.swt.win32.win32.x86_64_3.120.0.v20220530-1036.jar:na]
	at org.eclipse.team.internal.ui.actions.TeamAction.run(TeamAction.java:304) ~[na:na]
	at org.eclipse.team.internal.ui.actions.ConfigureProjectAction.execute(ConfigureProjectAction.java:35) ~[na:na]
	at org.eclipse.team.internal.ui.actions.TeamAction.run(TeamAction.java:567) ~[na:na]
	at org.eclipse.team.internal.ui.actions.TeamAction.runWithEvent(TeamAction.java:603) ~[na:na]
	at org.eclipse.ui.internal.PluginAction.runWithEvent(PluginAction.java:229) ~[na:na]
	at org.eclipse.jface.action.ActionContributionItem.handleWidgetSelection(ActionContributionItem.java:580) ~[org.eclipse.jface_3.26.0.v20220513-0449.jar:na]
	at org.eclipse.jface.action.ActionContributionItem.lambda$4(ActionContributionItem.java:414) ~[org.eclipse.jface_3.26.0.v20220513-0449.jar:na]
	at org.eclipse.swt.widgets.EventTable.sendEvent(EventTable.java:89) ~[org.eclipse.swt.win32.win32.x86_64_3.120.0.v20220530-1036.jar:na]
	at org.eclipse.swt.widgets.Display.sendEvent(Display.java:4251) ~[org.eclipse.swt.win32.win32.x86_64_3.120.0.v20220530-1036.jar:na]
	at org.eclipse.swt.widgets.Widget.sendEvent(Widget.java:1066) ~[org.eclipse.swt.win32.win32.x86_64_3.120.0.v20220530-1036.jar:na]
	at org.eclipse.swt.widgets.Display.runDeferredEvents(Display.java:4068) ~[org.eclipse.swt.win32.win32.x86_64_3.120.0.v20220530-1036.jar:na]
	at org.eclipse.swt.widgets.Display.readAndDispatch(Display.java:3645) ~[org.eclipse.swt.win32.win32.x86_64_3.120.0.v20220530-1036.jar:na]
	at org.eclipse.e4.ui.internal.workbench.swt.PartRenderingEngine$5.run(PartRenderingEngine.java:1155) ~[na:na]
	at org.eclipse.core.databinding.observable.Realm.runWithDefault(Realm.java:338) ~[na:na]
	at org.eclipse.e4.ui.internal.workbench.swt.PartRenderingEngine.run(PartRenderingEngine.java:1046) ~[na:na]
	at org.eclipse.e4.ui.internal.workbench.E4Workbench.createAndRunUI(E4Workbench.java:155) ~[na:na]
	at org.eclipse.ui.internal.Workbench.lambda$3(Workbench.java:644) ~[na:na]
	at org.eclipse.core.databinding.observable.Realm.runWithDefault(Realm.java:338) ~[na:na]
	at org.eclipse.ui.internal.Workbench.createAndRunWorkbench(Workbench.java:551) ~[na:na]
	at org.eclipse.ui.PlatformUI.createAndRunWorkbench(PlatformUI.java:156) ~[na:na]
	at org.eclipse.ui.internal.ide.application.IDEApplication.start(IDEApplication.java:152) ~[na:na]
	at org.eclipse.equinox.internal.app.EclipseAppHandle.run(EclipseAppHandle.java:203) ~[org.eclipse.equinox.app_1.6.100.v20211021-1418.jar:na]
	at org.eclipse.core.runtime.internal.adaptor.EclipseAppLauncher.runApplication(EclipseAppLauncher.java:136) ~[org.eclipse.osgi_3.18.0.v20220516-2155.jar:na]
	at org.eclipse.core.runtime.internal.adaptor.EclipseAppLauncher.start(EclipseAppLauncher.java:104) ~[org.eclipse.osgi_3.18.0.v20220516-2155.jar:na]
	at org.eclipse.core.runtime.adaptor.EclipseStarter.run(EclipseStarter.java:402) ~[org.eclipse.osgi_3.18.0.v20220516-2155.jar:na]
	at org.eclipse.core.runtime.adaptor.EclipseStarter.run(EclipseStarter.java:255) ~[org.eclipse.osgi_3.18.0.v20220516-2155.jar:na]
	at java.base/jdk.internal.reflect.NativeMethodAccessorImpl.invoke0(Native Method) ~[na:na]
	at java.base/jdk.internal.reflect.NativeMethodAccessorImpl.invoke(NativeMethodAccessorImpl.java:77) ~[na:na]
	at java.base/jdk.internal.reflect.DelegatingMethodAccessorImpl.invoke(DelegatingMethodAccessorImpl.java:43) ~[na:na]
	at java.base/java.lang.reflect.Method.invoke(Method.java:568) ~[na:na]
	at org.eclipse.equinox.launcher.Main.invokeFramework(Main.java:659) ~[org.eclipse.equinox.launcher_1.6.400.v20210924-0641.jar:na]
	at org.eclipse.equinox.launcher.Main.basicRun(Main.java:596) ~[org.eclipse.equinox.launcher_1.6.400.v20210924-0641.jar:na]
	at org.eclipse.equinox.launcher.Main.run(Main.java:1467) ~[org.eclipse.equinox.launcher_1.6.400.v20210924-0641.jar:na]
Caused by: org.eclipse.jgit.errors.ConfigInvalidException: Invalid line in config file
	at org.eclipse.jgit.lib.Config.fromTextRecurse(Config.java:1206) ~[na:na]
	at org.eclipse.jgit.lib.Config.fromText(Config.java:1134) ~[na:na]
	at org.eclipse.jgit.storage.file.FileBasedConfig.lambda$0(FileBasedConfig.java:138) ~[na:na]
	at org.eclipse.jgit.util.FileUtils.readWithRetries(FileUtils.java:722) ~[na:na]
	at org.eclipse.jgit.storage.file.FileBasedConfig.load(FileBasedConfig.java:115) ~[na:na]
	... 66 common frames omitted
2022-09-18 16:44:22,587 [Worker-1: Loading available Gradle versions] INFO  o.e.b.c.i.u.g.PublishedGradleVersions - Gradle version information cache is out-of-date. Trying to update.
2022-09-19 16:12:20,198 [Worker-4: Loading available Gradle versions] INFO  o.e.b.c.i.u.g.PublishedGradleVersions - Gradle version information cache is up-to-date. Trying to read.
2022-09-19 16:20:50,630 [Worker-3: Loading available Gradle versions] INFO  o.e.b.c.i.u.g.PublishedGradleVersions - Gradle version information cache is up-to-date. Trying to read.
2022-09-19 16:30:28,292 [Worker-2: Loading available Gradle versions] INFO  o.e.b.c.i.u.g.PublishedGradleVersions - Gradle version information cache is up-to-date. Trying to read.
2022-09-20 18:49:40,750 [Worker-3: Loading available Gradle versions] INFO  o.e.b.c.i.u.g.PublishedGradleVersions - Gradle version information cache is out-of-date. Trying to update.
2022-09-22 17:47:55,522 [Worker-2: Loading available Gradle versions] INFO  o.e.b.c.i.u.g.PublishedGradleVersions - Gradle version information cache is up-to-date. Trying to read.
